<?xml version="1.0" encoding="UTF-8"?>
<!-- Generated by org.testng.reporters.JUnitXMLReporter -->
<testsuite ignored="0" hostname="DESKTOP-A68GSGO" failures="0" tests="4" name="Default test" time="11.27" errors="0" timestamp="2024-06-23T18:27:54 EDT">
  <testcase classname="guru99Application.Guru99ApplicationTest" name="verifyTitleOfThePage" time="0.013"/>
  <testcase classname="guru99Application.Guru99ApplicationTest" name="verifyLogin" time="1.298"/>
  <testcase classname="guru99Application.Guru99ApplicationTest" name="addCustomer" time="2.522"/>
  <testcase classname="guru99Application.Guru99ApplicationTest" name="getCustomerId" time="0.025"/>
</testsuite> <!-- Default test -->
