<?xml version="1.0" encoding="UTF-8"?>
<testng-results ignored="0" total="4" passed="4" failed="0" skipped="0">
  <reporter-output>
  </reporter-output>
  <suite started-at="2024-06-23T18:27:43 EDT" name="Default suite" finished-at="2024-06-23T18:27:54 EDT" duration-ms="11270">
    <groups>
    </groups>
    <test started-at="2024-06-23T18:27:43 EDT" name="Default test" finished-at="2024-06-23T18:27:54 EDT" duration-ms="11270">
      <class name="guru99Application.Guru99ApplicationTest">
        <test-method is-config="true" signature="invokeBrowser()[pri:0, instance:guru99Application.Guru99ApplicationTest@6440112d]" started-at="2024-06-23T18:27:43 EDT" name="invokeBrowser" finished-at="2024-06-23T18:27:50 EDT" duration-ms="7379" status="PASS">
          <reporter-output>
          </reporter-output>
        </test-method> <!-- invokeBrowser -->
        <test-method signature="verifyTitleOfThePage()[pri:0, instance:guru99Application.Guru99ApplicationTest@6440112d]" started-at="2024-06-23T18:27:50 EDT" name="verifyTitleOfThePage" finished-at="2024-06-23T18:27:50 EDT" duration-ms="13" status="PASS">
          <reporter-output>
          </reporter-output>
        </test-method> <!-- verifyTitleOfThePage -->
        <test-method signature="verifyLogin()[pri:1, instance:guru99Application.Guru99ApplicationTest@6440112d]" started-at="2024-06-23T18:27:50 EDT" name="verifyLogin" finished-at="2024-06-23T18:27:51 EDT" duration-ms="1298" status="PASS">
          <reporter-output>
          </reporter-output>
        </test-method> <!-- verifyLogin -->
        <test-method signature="addCustomer()[pri:2, instance:guru99Application.Guru99ApplicationTest@6440112d]" started-at="2024-06-23T18:27:51 EDT" name="addCustomer" finished-at="2024-06-23T18:27:54 EDT" duration-ms="2522" status="PASS">
          <reporter-output>
          </reporter-output>
        </test-method> <!-- addCustomer -->
        <test-method signature="getCustomerId()[pri:3, instance:guru99Application.Guru99ApplicationTest@6440112d]" started-at="2024-06-23T18:27:54 EDT" name="getCustomerId" finished-at="2024-06-23T18:27:54 EDT" duration-ms="25" status="PASS">
          <reporter-output>
          </reporter-output>
        </test-method> <!-- getCustomerId -->
      </class> <!-- guru99Application.Guru99ApplicationTest -->
    </test> <!-- Default test -->
  </suite> <!-- Default suite -->
</testng-results>
